    WARNING: É (U+00c9) is already defined more than once on the keyboard (on VK_0, ShiftState 'SGCAPS' and VK_0, ShiftState 'Shift+Ctl+Alt').
    WARNING: Ě (U+011a) is already defined more than once on the keyboard (on VK_2, ShiftState 'SGCAPS' and VK_2, ShiftState 'Shift+Ctl+Alt').
    WARNING: T (U+0054) is already defined more than once on the keyboard (on VK_3, ShiftState 'Shift+Ctrl' and VK_2, ShiftState 'Shift+Ctrl').
    WARNING: Š (U+0160) is already defined more than once on the keyboard (on VK_3, ShiftState 'SGCAPS' and VK_3, ShiftState 'Shift+Ctl+Alt').
    WARNING: Č (U+010c) is already defined more than once on the keyboard (on VK_4, ShiftState 'SGCAPS' and VK_4, ShiftState 'Shift+Ctl+Alt').
    WARNING: Ř (U+0158) is already defined more than once on the keyboard (on VK_5, ShiftState 'SGCAPS' and VK_5, ShiftState 'Shift+Ctl+Alt').
    WARNING: Ž (U+017d) is already defined more than once on the keyboard (on VK_6, ShiftState 'SGCAPS' and VK_6, ShiftState 'Shift+Ctl+Alt').
    WARNING: Ý (U+00dd) is already defined more than once on the keyboard (on VK_7, ShiftState 'SGCAPS' and VK_7, ShiftState 'Shift+Ctl+Alt').
    WARNING: b (U+0062) is already defined more than once on the keyboard (on VK_8, ShiftState 'Shift+Ctrl' and VK_6, ShiftState 'Shift+Ctrl').
    WARNING: Á (U+00c1) is already defined more than once on the keyboard (on VK_8, ShiftState 'SGCAPS' and VK_8, ShiftState 'Shift+Ctl+Alt').
    WARNING: . (U+002e) is already defined more than once on the keyboard (on VK_9, ShiftState 'Shift+Ctrl' and VK_5, ShiftState 'Shift+Ctrl').
    WARNING: Í (U+00cd) is already defined more than once on the keyboard (on VK_9, ShiftState 'SGCAPS' and VK_9, ShiftState 'Shift+Ctl+Alt').
    WARNING: á (U+00e1) is already defined more than once on the keyboard (on VK_A, ShiftState 'Ctl+Alt' and VK_8, ShiftState 'Ctl+Alt').
    WARNING: Á (U+00c1) is already defined more than once on the keyboard (on VK_A, ShiftState 'Shift+Ctl+Alt' and VK_8, ShiftState 'Shift+Ctl+Alt').
    WARNING: b (U+0062) is already defined more than once on the keyboard (on VK_B, ShiftState 'Base' and VK_6, ShiftState 'Shift+Ctrl').
    WARNING: č (U+010d) is already defined more than once on the keyboard (on VK_B, ShiftState 'Ctl+Alt' and VK_4, ShiftState 'Ctl+Alt').
    WARNING: Č (U+010c) is already defined more than once on the keyboard (on VK_B, ShiftState 'Shift+Ctl+Alt' and VK_4, ShiftState 'Shift+Ctl+Alt').
    WARNING: c (U+0063) is already defined more than once on the keyboard (on VK_C, ShiftState 'Base' and VK_0, ShiftState 'Shift+Ctrl').
    WARNING: & (U+0026) is already defined more than once on the keyboard (on VK_C, ShiftState 'Ctl+Alt' and VK_7, ShiftState 'Shift').
    WARNING: é (U+00e9) is already defined more than once on the keyboard (on VK_E, ShiftState 'Ctl+Alt' and VK_0, ShiftState 'Ctl+Alt').
    WARNING: É (U+00c9) is already defined more than once on the keyboard (on VK_E, ShiftState 'Shift+Ctl+Alt' and VK_0, ShiftState 'Shift+Ctl+Alt').
    WARNING: í (U+00ed) is already defined more than once on the keyboard (on VK_I, ShiftState 'Ctl+Alt' and VK_9, ShiftState 'Ctl+Alt').
    WARNING: Í (U+00cd) is already defined more than once on the keyboard (on VK_I, ShiftState 'Shift+Ctl+Alt' and VK_9, ShiftState 'Shift+Ctl+Alt').
    WARNING: ( (U+0028) is already defined more than once on the keyboard (on VK_K, ShiftState 'Ctl+Alt' and VK_9, ShiftState 'Shift').
    WARNING: [ (U+005b) is already defined more than once on the keyboard (on VK_K, ShiftState 'Shift+Ctl+Alt' and VK_F, ShiftState 'Ctl+Alt').
    WARNING: ) (U+0029) is already defined more than once on the keyboard (on VK_L, ShiftState 'Ctl+Alt' and VK_0, ShiftState 'Shift').
    WARNING: ] (U+005d) is already defined more than once on the keyboard (on VK_L, ShiftState 'Shift+Ctl+Alt' and VK_G, ShiftState 'Ctl+Alt').
    WARNING: r (U+0072) is already defined more than once on the keyboard (on VK_R, ShiftState 'Base' and VK_7, ShiftState 'Shift+Ctrl').
    WARNING: ř (U+0159) is already defined more than once on the keyboard (on VK_R, ShiftState 'Ctl+Alt' and VK_5, ShiftState 'Ctl+Alt').
    WARNING: Ř (U+0158) is already defined more than once on the keyboard (on VK_R, ShiftState 'Shift+Ctl+Alt' and VK_5, ShiftState 'Shift+Ctl+Alt').
    WARNING: š (U+0161) is already defined more than once on the keyboard (on VK_S, ShiftState 'Ctl+Alt' and VK_3, ShiftState 'Ctl+Alt').
    WARNING: Š (U+0160) is already defined more than once on the keyboard (on VK_S, ShiftState 'Shift+Ctl+Alt' and VK_3, ShiftState 'Shift+Ctl+Alt').
    WARNING: T (U+0054) is already defined more than once on the keyboard (on VK_T, ShiftState 'Shift' and VK_2, ShiftState 'Shift+Ctrl').
    WARNING: u (U+0075) is already defined more than once on the keyboard (on VK_U, ShiftState 'Base' and VK_1, ShiftState 'Shift+Ctrl').
    WARNING: @ (U+0040) is already defined more than once on the keyboard (on VK_V, ShiftState 'Ctl+Alt' and VK_2, ShiftState 'Shift').
    WARNING: ě (U+011b) is already defined more than once on the keyboard (on VK_W, ShiftState 'Ctl+Alt' and VK_2, ShiftState 'Ctl+Alt').
    WARNING: Ě (U+011a) is already defined more than once on the keyboard (on VK_W, ShiftState 'Shift+Ctl+Alt' and VK_2, ShiftState 'Shift+Ctl+Alt').
    WARNING: # (U+0023) is already defined more than once on the keyboard (on VK_X, ShiftState 'Ctl+Alt' and VK_3, ShiftState 'Shift').
    WARNING: y (U+0079) is already defined more than once on the keyboard (on VK_Y, ShiftState 'Base' and VK_4, ShiftState 'Shift+Ctrl').
    WARNING: ý (U+00fd) is already defined more than once on the keyboard (on VK_Y, ShiftState 'Ctl+Alt' and VK_7, ShiftState 'Ctl+Alt').
    WARNING: Ý (U+00dd) is already defined more than once on the keyboard (on VK_Y, ShiftState 'Shift+Ctl+Alt' and VK_7, ShiftState 'Shift+Ctl+Alt').
    WARNING: ž (U+017e) is already defined more than once on the keyboard (on VK_Z, ShiftState 'Ctl+Alt' and VK_6, ShiftState 'Ctl+Alt').
    WARNING: Ž (U+017d) is already defined more than once on the keyboard (on VK_Z, ShiftState 'Shift+Ctl+Alt' and VK_6, ShiftState 'Shift+Ctl+Alt').
    WARNING: ů (U+016f) is already defined more than once on the keyboard (on VK_OEM_1, ShiftState 'Ctl+Alt' and VK_J, ShiftState 'Ctl+Alt').
    WARNING: Ů (U+016e) is already defined more than once on the keyboard (on VK_OEM_1, ShiftState 'Shift+Ctl+Alt' and VK_J, ShiftState 'Shift+Ctl+Alt').
    WARNING: Ů (U+016e) is already defined more than once on the keyboard (on VK_OEM_1, ShiftState 'SGCAPS' and VK_J, ShiftState 'Shift+Ctl+Alt').
    WARNING: + (U+002b) is already defined more than once on the keyboard (on VK_OEM_PLUS, ShiftState 'Shift' and VK_1, ShiftState 'Ctl+Alt').
    WARNING: The character ❤ (U+2764) exists in the entry for VK_OEM_PLUS, ShiftState 'Shift+Ctrl' of the layout table and is not in the default system code page (1250) of the Czech (Czech Republic) language you specified. This may cause compatibility problems in non-Unicode applications.
    WARNING: ´ (U+00b4) is already defined more than once on the keyboard (on VK_OEM_PLUS, ShiftState 'Ctl+Alt' and VK_OEM_PLUS, ShiftState 'Ctrl').
    WARNING: = (U+003d) is already defined more than once on the keyboard (on VK_OEM_MINUS, ShiftState 'Ctrl' and VK_OEM_PLUS, ShiftState 'Base').
    WARNING: z (U+007a) is already defined more than once on the keyboard (on VK_OEM_MINUS, ShiftState 'Shift+Ctrl' and VK_Z, ShiftState 'Base').
    WARNING: = (U+003d) is already defined more than once on the keyboard (on VK_OEM_MINUS, ShiftState 'Ctl+Alt' and VK_OEM_PLUS, ShiftState 'Base').
    WARNING: % (U+0025) is already defined more than once on the keyboard (on VK_OEM_MINUS, ShiftState 'Shift+Ctl+Alt' and VK_5, ShiftState 'Shift').
    WARNING: . (U+002e) is already defined more than once on the keyboard (on VK_OEM_PERIOD, ShiftState 'Base' and VK_5, ShiftState 'Shift+Ctrl').
    WARNING: % (U+0025) is already defined more than once on the keyboard (on VK_OEM_PERIOD, ShiftState 'Shift' and VK_5, ShiftState 'Shift').
    WARNING: + (U+002b) is already defined more than once on the keyboard (on VK_OEM_2, ShiftState 'Shift' and VK_1, ShiftState 'Ctl+Alt').
    WARNING: * (U+002a) is already defined more than once on the keyboard (on VK_OEM_2, ShiftState 'Ctl+Alt' and VK_8, ShiftState 'Shift').
    WARNING: ^ (U+005e) is already defined more than once on the keyboard (on VK_OEM_2, ShiftState 'Shift+Ctl+Alt' and VK_6, ShiftState 'Shift').
    WARNING: ? (U+003f) is already defined more than once on the keyboard (on VK_OEM_2, ShiftState 'Shift+SGCAPS' and VK_OEM_COMMA, ShiftState 'Shift').
    WARNING: m (U+006d) is already defined more than once on the keyboard (on VK_OEM_3, ShiftState 'Shift+Ctrl' and VK_M, ShiftState 'Base').
    WARNING: ; (U+003b) is already defined more than once on the keyboard (on VK_OEM_3, ShiftState 'Ctl+Alt' and VK_OEM_1, ShiftState 'Base').
    WARNING: [ (U+005b) is already defined more than once on the keyboard (on VK_OEM_4, ShiftState 'Base' and VK_F, ShiftState 'Ctl+Alt').
    WARNING: { (U+007b) is already defined more than once on the keyboard (on VK_OEM_4, ShiftState 'Shift' and VK_OEM_COMMA, ShiftState 'Shift+Ctl+Alt').
    WARNING: ú (U+00fa) is already defined more than once on the keyboard (on VK_OEM_4, ShiftState 'Ctrl' and VK_U, ShiftState 'Ctl+Alt').
    WARNING: ú (U+00fa) is already defined more than once on the keyboard (on VK_OEM_4, ShiftState 'Ctl+Alt' and VK_U, ShiftState 'Ctl+Alt').
    WARNING: Ú (U+00da) is already defined more than once on the keyboard (on VK_OEM_4, ShiftState 'Shift+Ctl+Alt' and VK_U, ShiftState 'Shift+Ctl+Alt').
    WARNING: Ú (U+00da) is already defined more than once on the keyboard (on VK_OEM_4, ShiftState 'SGCAPS' and VK_U, ShiftState 'Shift+Ctl+Alt').
    WARNING: / (U+002f) is already defined more than once on the keyboard (on VK_OEM_4, ShiftState 'Shift+SGCAPS' and VK_OEM_2, ShiftState 'Base').
    WARNING: \ (U+005c) is already defined more than once on the keyboard (on VK_OEM_5, ShiftState 'Base' and VK_Q, ShiftState 'Ctl+Alt').
    WARNING: | (U+007c) is already defined more than once on the keyboard (on VK_OEM_5, ShiftState 'Shift' and VK_Q, ShiftState 'Shift+Ctl+Alt').
    WARNING: & (U+0026) is already defined more than once on the keyboard (on VK_OEM_5, ShiftState 'Shift+Ctl+Alt' and VK_7, ShiftState 'Shift').
    WARNING: ' (U+0027) is already defined more than once on the keyboard (on VK_OEM_5, ShiftState 'Shift+SGCAPS' and VK_OEM_5, ShiftState 'Ctl+Alt').
    WARNING: ] (U+005d) is already defined more than once on the keyboard (on VK_OEM_6, ShiftState 'Base' and VK_G, ShiftState 'Ctl+Alt').
    WARNING: } (U+007d) is already defined more than once on the keyboard (on VK_OEM_6, ShiftState 'Shift' and VK_OEM_PERIOD, ShiftState 'Shift+Ctl+Alt').
    WARNING: ) (U+0029) is already defined more than once on the keyboard (on VK_OEM_6, ShiftState 'Ctl+Alt' and VK_0, ShiftState 'Shift').
    WARNING: ( (U+0028) is already defined more than once on the keyboard (on VK_OEM_6, ShiftState 'Shift+Ctl+Alt' and VK_9, ShiftState 'Shift').
    WARNING: ) (U+0029) is already defined more than once on the keyboard (on VK_OEM_6, ShiftState 'SGCAPS' and VK_0, ShiftState 'Shift').
    WARNING: ( (U+0028) is already defined more than once on the keyboard (on VK_OEM_6, ShiftState 'Shift+SGCAPS' and VK_9, ShiftState 'Shift').
    WARNING: ' (U+0027) is already defined more than once on the keyboard (on VK_OEM_7, ShiftState 'Base' and VK_OEM_5, ShiftState 'Ctl+Alt').
    WARNING: " (U+0022) is already defined more than once on the keyboard (on VK_OEM_7, ShiftState 'Shift' and VK_OEM_1, ShiftState 'Shift+SGCAPS').
    WARNING: § (U+00a7) is already defined more than once on the keyboard (on VK_OEM_7, ShiftState 'Shift+Ctl+Alt' and VK_OEM_7, ShiftState 'Ctrl').
    WARNING: ^ (U+005e) is already defined more than once on the keyboard (on VK_OEM_7, ShiftState 'Shift+SGCAPS' and VK_6, ShiftState 'Shift').
    WARNING: The dead key '´' (U+00b4) has no base/combining characters associated with it.
    WARNING: The dead key '´' (U+00b4) has no base/combining characters associated with it.
    WARNING: The dead key 'ˇ' (U+02c7) has no base/combining characters associated with it.
